<?xml version="1.0" encoding="UTF-8"?><testsuite failures="0" name="cucumber.runtime.formatter.JUnitFormatter" skipped="0" tests="1" time="17.198245">
<testcase classname="Admin Login Feature" name="Delete from More Options" time="17.198245">
<system-out><![CDATA[Given admin is already on Logged in.........................................passed
When admin delete a user by clicking on more options........................passed
And admin clicks on delete..................................................passed
Then admin confirms to delete...............................................passed
Then user should be deleted successfully....................................passed
]]></system-out>
</testcase>
</testsuite>
